<?xml version="1.0" encoding="UTF-8" ?>
<testsuite tests="26" failures="0" name="RegressionTest" time="0.006" errors="0" skipped="0">
  <properties>
[...]
</properties>
  <testcase classname="RegressionTest0" name="test01" time="0.004"/>
  <testcase classname="RegressionTest0" name="test02" time="0"/>
  <testcase classname="RegressionTest0" name="test03" time="0"/>
  <testcase classname="RegressionTest0" name="test04" time="0"/>
  <testcase classname="RegressionTest0" name="test05" time="0"/>
  <testcase classname="RegressionTest0" name="test06" time="0"/>
  <testcase classname="RegressionTest0" name="test07" time="0.001"/>
  <testcase classname="RegressionTest0" name="test08" time="0"/>
  <testcase classname="RegressionTest0" name="test09" time="0"/>
  <testcase classname="RegressionTest0" name="test10" time="0.001"/>
  <testcase classname="RegressionTest0" name="test11" time="0"/>
  <testcase classname="RegressionTest0" name="test12" time="0"/>
  <testcase classname="RegressionTest0" name="test13" time="0"/>
  <testcase classname="RegressionTest0" name="test14" time="0"/>
  <testcase classname="RegressionTest0" name="test15" time="0"/>
  <testcase classname="RegressionTest0" name="test16" time="0"/>
  <testcase classname="RegressionTest0" name="test17" time="0"/>
  <testcase classname="RegressionTest0" name="test18" time="0"/>
  <testcase classname="RegressionTest0" name="test19" time="0"/>
  <testcase classname="RegressionTest0" name="test20" time="0"/>
  <testcase classname="RegressionTest0" name="test21" time="0"/>
  <testcase classname="RegressionTest0" name="test22" time="0"/>
  <testcase classname="RegressionTest0" name="test23" time="0"/>
  <testcase classname="RegressionTest0" name="test24" time="0"/>
  <testcase classname="RegressionTest0" name="test25" time="0"/>
  <testcase classname="RegressionTest0" name="test26" time="0"/>
</testsuite>